<?xml version="1.0" encoding="UTF-8"?>
<testsuite xmlns:xsi="http://www.w3.org/2001/XMLSchema-instance" xsi:noNamespaceSchemaLocation="https://maven.apache.org/surefire/maven-surefire-plugin/xsd/surefire-test-report.xsd" name="me.element.AppTest" time="0.023" tests="1" errors="0" skipped="0" failures="0">
  <properties>
    <property name="java.specification.version" value="17"/>
    <property name="sun.cpu.isalist" value="amd64"/>
    <property name="sun.jnu.encoding" value="Cp1252"/>
    <property name="java.class.path" value="c:\Users\flori\Documents\GitHub\CustomDeathMessages\CustomDeathMessages\target\test-classes;c:\Users\flori\Documents\GitHub\CustomDeathMessages\CustomDeathMessages\target\classes;C:\Users\flori\.m2\repository\com\mojang\authlib\1.5.21\authlib-1.5.21.jar;C:\Users\flori\.m2\repository\com\google\guava\guava\17.0\guava-17.0.jar;C:\Users\flori\.m2\repository\org\apache\commons\commons-lang3\3.3.2\commons-lang3-3.3.2.jar;C:\Users\flori\.m2\repository\org\apache\logging\log4j\log4j-core\2.0-beta9\log4j-core-2.0-beta9.jar;C:\Users\flori\.m2\repository\commons-codec\commons-codec\1.9\commons-codec-1.9.jar;C:\Users\flori\.m2\repository\org\apache\logging\log4j\log4j-api\2.0-beta9\log4j-api-2.0-beta9.jar;C:\Users\flori\.m2\repository\com\google\code\gson\gson\2.2.4\gson-2.2.4.jar;C:\Users\flori\.m2\repository\com\google\code\findbugs\jsr305\2.0.1\jsr305-2.0.1.jar;C:\Users\flori\.m2\repository\commons-io\commons-io\2.4\commons-io-2.4.jar;C:\Users\flori\.m2\repository\org\spigotmc\spigot-api\1.19-R0.1-SNAPSHOT\spigot-api-1.19-R0.1-SNAPSHOT.jar;C:\Users\flori\.m2\repository\net\md-5\bungeecord-chat\1.16-R0.4\bungeecord-chat-1.16-R0.4.jar;C:\Users\flori\.m2\repository\org\yaml\snakeyaml\1.30\snakeyaml-1.30.jar;C:\Users\flori\.m2\repository\org\bukkit\bukkit\1.15-R0.1-SNAPSHOT\bukkit-1.15-R0.1-SNAPSHOT.jar;C:\Users\flori\.m2\repository\commons-lang\commons-lang\2.6\commons-lang-2.6.jar;C:\Users\flori\.m2\repository\junit\junit\4.11\junit-4.11.jar;C:\Users\flori\.m2\repository\org\hamcrest\hamcrest-core\1.3\hamcrest-core-1.3.jar;"/>
    <property name="java.vm.vendor" value="Oracle Corporation"/>
    <property name="sun.arch.data.model" value="64"/>
    <property name="user.variant" value=""/>
    <property name="java.vendor.url" value="https://java.oracle.com/"/>
    <property name="user.timezone" value="Europe/Paris"/>
    <property name="os.name" value="Windows 11"/>
    <property name="java.vm.specification.version" value="17"/>
    <property name="sun.java.launcher" value="SUN_STANDARD"/>
    <property name="user.country" value="FR"/>
    <property name="sun.boot.library.path" value="C:\Program Files\Java\jdk-17.0.3.1\bin"/>
    <property name="sun.java.command" value="C:\Users\flori\AppData\Local\Temp\surefire9508567990396357030\surefirebooter4162596872014751898.jar C:\Users\flori\AppData\Local\Temp\surefire9508567990396357030 2022-06-25T16-45-08_929-jvmRun1 surefire13559889333863009644tmp surefire_014922191803255677760tmp"/>
    <property name="jdk.debug" value="release"/>
    <property name="surefire.test.class.path" value="c:\Users\flori\Documents\GitHub\CustomDeathMessages\CustomDeathMessages\target\test-classes;c:\Users\flori\Documents\GitHub\CustomDeathMessages\CustomDeathMessages\target\classes;C:\Users\flori\.m2\repository\com\mojang\authlib\1.5.21\authlib-1.5.21.jar;C:\Users\flori\.m2\repository\com\google\guava\guava\17.0\guava-17.0.jar;C:\Users\flori\.m2\repository\org\apache\commons\commons-lang3\3.3.2\commons-lang3-3.3.2.jar;C:\Users\flori\.m2\repository\org\apache\logging\log4j\log4j-core\2.0-beta9\log4j-core-2.0-beta9.jar;C:\Users\flori\.m2\repository\commons-codec\commons-codec\1.9\commons-codec-1.9.jar;C:\Users\flori\.m2\repository\org\apache\logging\log4j\log4j-api\2.0-beta9\log4j-api-2.0-beta9.jar;C:\Users\flori\.m2\repository\com\google\code\gson\gson\2.2.4\gson-2.2.4.jar;C:\Users\flori\.m2\repository\com\google\code\findbugs\jsr305\2.0.1\jsr305-2.0.1.jar;C:\Users\flori\.m2\repository\commons-io\commons-io\2.4\commons-io-2.4.jar;C:\Users\flori\.m2\repository\org\spigotmc\spigot-api\1.19-R0.1-SNAPSHOT\spigot-api-1.19-R0.1-SNAPSHOT.jar;C:\Users\flori\.m2\repository\net\md-5\bungeecord-chat\1.16-R0.4\bungeecord-chat-1.16-R0.4.jar;C:\Users\flori\.m2\repository\org\yaml\snakeyaml\1.30\snakeyaml-1.30.jar;C:\Users\flori\.m2\repository\org\bukkit\bukkit\1.15-R0.1-SNAPSHOT\bukkit-1.15-R0.1-SNAPSHOT.jar;C:\Users\flori\.m2\repository\commons-lang\commons-lang\2.6\commons-lang-2.6.jar;C:\Users\flori\.m2\repository\junit\junit\4.11\junit-4.11.jar;C:\Users\flori\.m2\repository\org\hamcrest\hamcrest-core\1.3\hamcrest-core-1.3.jar;"/>
    <property name="sun.cpu.endian" value="little"/>
    <property name="user.home" value="C:\Users\flori"/>
    <property name="user.language" value="fr"/>
    <property name="java.specification.vendor" value="Oracle Corporation"/>
    <property name="java.version.date" value="2022-04-22"/>
    <property name="java.home" value="C:\Program Files\Java\jdk-17.0.3.1"/>
    <property name="file.separator" value="\"/>
    <property name="basedir" value="c:\Users\flori\Documents\GitHub\CustomDeathMessages\CustomDeathMessages"/>
    <property name="java.vm.compressedOopsMode" value="Zero based"/>
    <property name="line.separator" value="&#10;"/>
    <property name="java.vm.specification.vendor" value="Oracle Corporation"/>
    <property name="java.specification.name" value="Java Platform API Specification"/>
    <property name="surefire.real.class.path" value="C:\Users\flori\AppData\Local\Temp\surefire9508567990396357030\surefirebooter4162596872014751898.jar"/>
    <property name="user.script" value=""/>
    <property name="sun.management.compiler" value="HotSpot 64-Bit Tiered Compilers"/>
    <property name="java.runtime.version" value="17.0.3.1+2-LTS-6"/>
    <property name="user.name" value="flori"/>
    <property name="path.separator" value=";"/>
    <property name="os.version" value="10.0"/>
    <property name="java.runtime.name" value="Java(TM) SE Runtime Environment"/>
    <property name="file.encoding" value="Cp1252"/>
    <property name="java.vm.name" value="Java HotSpot(TM) 64-Bit Server VM"/>
    <property name="localRepository" value="C:\Users\flori\.m2\repository"/>
    <property name="java.vendor.url.bug" value="https://bugreport.java.com/bugreport/"/>
    <property name="java.io.tmpdir" value="C:\Users\flori\AppData\Local\Temp\"/>
    <property name="java.version" value="17.0.3.1"/>
    <property name="user.dir" value="c:\Users\flori\Documents\GitHub\CustomDeathMessages\CustomDeathMessages"/>
    <property name="os.arch" value="amd64"/>
    <property name="java.vm.specification.name" value="Java Virtual Machine Specification"/>
    <property name="sun.os.patch.level" value=""/>
    <property name="native.encoding" value="Cp1252"/>
    <property name="java.library.path" value="C:\Program Files\Java\jdk-17.0.3.1\bin;C:\Windows\Sun\Java\bin;C:\Windows\system32;C:\Windows;C:\Program Files\Common Files\Oracle\Java\javapath;C:\Program Files\Eclipse Adoptium\jdk-17.0.3.7-hotspot\bin;C:\Program Files (x86)\Common Files\Oracle\Java\javapath;C:\Windows\system32;C:\Windows;C:\Windows\System32\Wbem;C:\Windows\System32\WindowsPowerShell\v1.0\;C:\Windows\System32\OpenSSH\;C:\Program Files (x86)\NVIDIA Corporation\PhysX\Common;C:\Program Files\Git\cmd;C:\Program Files\apache-maven-3.8.5\bin;C:\Program Files\nodejs\;C:\Program Files\NVIDIA Corporation\NVIDIA NvDLISR;C:\Users\flori\AppData\Local\Microsoft\WindowsApps;C:\Users\flori\AppData\Local\Programs\Microsoft VS Code\bin;C:\Users\flori\AppData\Local\GitHubDesktop\bin;C:\Users\flori\AppData\Roaming\npm;."/>
    <property name="java.vm.info" value="mixed mode, sharing"/>
    <property name="java.vendor" value="Oracle Corporation"/>
    <property name="java.vm.version" value="17.0.3.1+2-LTS-6"/>
    <property name="sun.io.unicode.encoding" value="UnicodeLittle"/>
    <property name="java.class.version" value="61.0"/>
  </properties>
  <testcase name="shouldAnswerWithTrue" classname="me.element.AppTest" time="0.001"/>
</testsuite>